C51 COMPILER V9.56.0.0   BSP_WARN                                                          02/22/2017 18:47:11 PAGE 1   


C51 COMPILER V9.56.0.0, COMPILATION OF MODULE BSP_WARN
OBJECT MODULE PLACED IN .\Objects\bsp_warn.obj
COMPILER INVOKED BY: D:\51Keil_v5\C51\BIN\C51.EXE Warning\bsp_warn.c OPTIMIZE(8,SPEED) BROWSE INCDIR(.\DS18B20;.\LCD1602
                    -;..\BSP;.\key_set;.\Warning) DEBUG OBJECTEXTEND PRINT(.\Listings\bsp_warn.lst) OBJECT(.\Objects\bsp_warn.obj)

line level    source

   1          /*******************************************************************
   2                  ************************************************************
   3                  *
   4                  *@file     main.c
   5                  *@author   Bin
   6                  *@data     2017.02
   7                  *@brief    报警函数
   8                  *
   9                  *************************************************************
  10          *********************************************************************/
  11          
  12          #include "bsp_warn.h"
  13          
  14          /****************************************************************************************
  15                  *@brief         蜂鸣器与LED的驱动函数
  16                  *@param         t用于设置蜂鸣器的频率
  17                  *@retvel        无
  18          *****************************************************************************************/
  19          void Alarm(uchar t)
  20          {
  21   1              uchar i,j;
  22   1              for(i=0;i<200;i++)
  23   1              {
  24   2                      BEEP = ~BEEP;
  25   2                      for(j=0;j<t;j++);
  26   2                      LED = ~LED ;
  27   2              }
  28   1      }


MODULE INFORMATION:   STATIC OVERLAYABLE
   CODE SIZE        =     21    ----
   CONSTANT SIZE    =   ----    ----
   XDATA SIZE       =   ----    ----
   PDATA SIZE       =   ----    ----
   DATA SIZE        =   ----    ----
   IDATA SIZE       =   ----    ----
   BIT SIZE         =   ----    ----
END OF MODULE INFORMATION.


C51 COMPILATION COMPLETE.  0 WARNING(S),  0 ERROR(S)
