C51 COMPILER V9.56.0.0   BSP_KEY                                                           02/22/2017 18:47:11 PAGE 1   


C51 COMPILER V9.56.0.0, COMPILATION OF MODULE BSP_KEY
OBJECT MODULE PLACED IN .\Objects\bsp_key.obj
COMPILER INVOKED BY: D:\51Keil_v5\C51\BIN\C51.EXE key_set\bsp_key.c OPTIMIZE(8,SPEED) BROWSE INCDIR(.\DS18B20;.\LCD1602;
                    -..\BSP;.\key_set;.\Warning) DEBUG OBJECTEXTEND PRINT(.\Listings\bsp_key.lst) OBJECT(.\Objects\bsp_key.obj)

line level    source

   1          /*******************************************************************
   2                  ************************************************************
   3                  *
   4                  *@file     bsp_key.c
   5                  *@author   Bin
   6                  *@data     2017.02
   7                  *@brief    按键驱动模块
   8                  *
   9                  *************************************************************
  10          *********************************************************************/
  11          #include "bsp_key.h"
  12          
  13          uchar dis_type = 0 ; 
  14          uchar max_safe_number = 75 ; 
  15          uchar min_safe_number = 25 ;
  16          
  17          /****************************************************************************************
  18                  *@brief         按键检测函数
  19                  *@param         无
  20                  *@retvel        无
  21          *****************************************************************************************/
  22          uchar key_check() 
  23          {
  24   1              uchar temp = 0x00 ;
  25   1              uint i ; 
  26   1              if( KEY!=0xff )                                 //检测按键是否按下
  27   1              {
  28   2                      for(i=0;i<10;i--) ;             //按键消抖
  29   2                      if( KEY!=0xff )
  30   2                      {
  31   3                              temp = KEY ;                    //保存按键状态值
  32   3                              while( KEY!=0xff ) ;    //等待按键松开
  33   3                      }
  34   2              }
  35   1              return temp;                                    //返回按键状态值
  36   1      }
  37          
  38          /****************************************************************************************
  39                  *@brief         通过按键来更新显示类型的状态位
  40                  *@param         无
  41                  *@retvel        无
  42          *****************************************************************************************/
  43          uchar status_deal(uchar temp)
  44          {
  45   1              uchar status ;
  46   1              status = temp ; 
  47   1              if(status == 0xfe)              //检测到显示切换按键按下
  48   1              {
  49   2                      dis_type++ ;                    //显示类型改变
  50   2                      if(dis_type==3)                 //显示类型只有三种情况
  51   2                      {
  52   3                              dis_type = 0 ;
  53   3                      }
  54   2              }
C51 COMPILER V9.56.0.0   BSP_KEY                                                           02/22/2017 18:47:11 PAGE 2   

  55   1              return dis_type ;                       //返回显示类型标志
  56   1      }
  57          
  58          /****************************************************************************************
  59                  *@brief         通过按键来进行安全温度上下限的设置
  60                  *@param         无
  61                  *@retvel        无
  62          *****************************************************************************************/
  63          void safe_temp_set(uchar temp)
  64          {
  65   1              uchar status ;
  66   1              status = temp ; 
  67   1              if((status == 0xfd)&&((dis_type==1)||(dis_type==2)))    //显示类型是最高最低安全温度，温度设置加
  68   1              {
  69   2                      if(dis_type==1)                                                                         //显示类型是最高安全温度
  70   2                      {
  71   3                              max_safe_number++ ;                                                     //按键按一次温度值加1
  72   3                              if(max_safe_number == 128)                                              //安全温度最高设置值
  73   3                              {
  74   4                                      max_safe_number = 128 ;
  75   4                              }
  76   3                      }
  77   2                      if(dis_type==2)                                                                         //显示类型是最低安全温度
  78   2                      {
  79   3                              min_safe_number++ ;                                                     //按键按一次温度值减一
  80   3                              if(min_safe_number == 128)
  81   3                              {
  82   4                                      min_safe_number = 128 ;
  83   4                              }
  84   3                      }
  85   2              }
  86   1              
  87   1              else if((status == 0xfb)&&((dis_type==1)||(dis_type==2)))       //显示类型是最高最低安全温度，温度设置减
  88   1              {
  89   2                      if(dis_type==1)                                                                                 //显示类型是最高最低安全温度，温度设置减
  90   2                      {
  91   3                              max_safe_number-- ;                                                             //按键按一次温度值减1
  92   3                              if(max_safe_number == 0)
  93   3                              {
  94   4                                      max_safe_number = 0;                                                    //安全温度最低设置值
  95   4                              }
  96   3                      }
  97   2                      if(dis_type==2)                                                                                 //显示类型是最高最低安全温度，温度设置减
  98   2                      {
  99   3                              min_safe_number-- ;                                                             //按键按一次温度值减1
 100   3                              if(min_safe_number == 0)
 101   3                              {
 102   4                                      min_safe_number = 0 ;
 103   4                              }
 104   3                      }       
 105   2              }
 106   1      }
 107          
 108          


MODULE INFORMATION:   STATIC OVERLAYABLE
   CODE SIZE        =    143    ----
   CONSTANT SIZE    =   ----    ----
   XDATA SIZE       =   ----    ----
   PDATA SIZE       =   ----    ----
   DATA SIZE        =      3    ----
C51 COMPILER V9.56.0.0   BSP_KEY                                                           02/22/2017 18:47:11 PAGE 3   

   IDATA SIZE       =   ----    ----
   BIT SIZE         =   ----    ----
END OF MODULE INFORMATION.


C51 COMPILATION COMPLETE.  0 WARNING(S),  0 ERROR(S)
