C51 COMPILER V9.56.0.0   MAIN                                                              02/22/2017 17:59:04 PAGE 1   


C51 COMPILER V9.56.0.0, COMPILATION OF MODULE MAIN
OBJECT MODULE PLACED IN .\Objects\main.obj
COMPILER INVOKED BY: D:\51Keil_v5\C51\BIN\C51.EXE main.c OPTIMIZE(8,SPEED) BROWSE INCDIR(.\DS18B20;.\LCD1602;..\BSP;.\ke
                    -y_set;.\Warning) DEBUG OBJECTEXTEND PRINT(.\Listings\main.lst) OBJECT(.\Objects\main.obj)

line level    source

   1          /*******************************************************************
   2                  ************************************************************
   3                  *
   4                  *@file     main.c
   5                  *@author   Bin
   6                  *@data     2017.02
   7                  *@brief    Ö÷º¯Êý
   8                  *
   9                  *************************************************************
  10          *********************************************************************/
  11          #include "main.h"
  12          
  13          int main()
  14          {
  15   1              while(1)
  16   1              {
  17   2                      Mode_switch() ;
  18   2              }
  19   1      }
  20          


MODULE INFORMATION:   STATIC OVERLAYABLE
   CODE SIZE        =      5    ----
   CONSTANT SIZE    =   ----    ----
   XDATA SIZE       =   ----    ----
   PDATA SIZE       =   ----    ----
   DATA SIZE        =   ----    ----
   IDATA SIZE       =   ----    ----
   BIT SIZE         =   ----    ----
END OF MODULE INFORMATION.


C51 COMPILATION COMPLETE.  0 WARNING(S),  0 ERROR(S)
